<?xml version="1.0" encoding="UTF-8"?>
<testsuite xmlns:xsi="http://www.w3.org/2001/XMLSchema-instance" xsi:noNamespaceSchemaLocation="https://maven.apache.org/surefire/maven-surefire-plugin/xsd/surefire-test-report-3.0.xsd" version="3.0" name="com.ams.Amsproject.AmsprojectApplicationTests" time="12.202" tests="1" errors="0" skipped="0" failures="0">
  <properties>
[...]
</properties>
  <testcase name="contextLoads" classname="com.ams.Amsproject.AmsprojectApplicationTests" time="0.027">
    <system-out><![CDATA[14:46:27.931 [main] INFO org.springframework.test.context.support.AnnotationConfigContextLoaderUtils -- Could not detect default configuration classes for test class [com.ams.Amsproject.AmsprojectApplicationTests]: AmsprojectApplicationTests does not declare any static, non-private, non-final, nested classes annotated with @Configuration.
14:46:28.149 [main] INFO org.springframework.boot.test.context.SpringBootTestContextBootstrapper -- Found @SpringBootConfiguration com.ams.AmsprojectApplication for test class com.ams.Amsproject.AmsprojectApplicationTests

  .   ____          _            __ _ _
 /\\ / ___'_ __ _ _(_)_ __  __ _ \ \ \ \
( ( )\___ | '_ | '_| | '_ \/ _` | \ \ \ \
 \\/  ___)| |_)| | | | | || (_| |  ) ) ) )
  '  |____| .__|_| |_|_| |_\__, | / / / /
 =========|_|==============|___/=/_/_/_/
 :: Spring Boot ::                (v3.1.0)

2023-06-27T14:46:28.882+05:30  INFO 24420 --- [           main] c.a.A.AmsprojectApplicationTests         : Starting AmsprojectApplicationTests using Java 19 with PID 24420 (started by nlakshiyavat in C:\Users\nlakshiyavat\eclipse-workspace\AMSproject)
2023-06-27T14:46:28.885+05:30  INFO 24420 --- [           main] c.a.A.AmsprojectApplicationTests         : No active profile set, falling back to 1 default profile: "default"
2023-06-27T14:46:30.767+05:30  INFO 24420 --- [           main] .s.d.r.c.RepositoryConfigurationDelegate : Multiple Spring Data modules found, entering strict repository configuration mode
2023-06-27T14:46:30.769+05:30  INFO 24420 --- [           main] .s.d.r.c.RepositoryConfigurationDelegate : Bootstrapping Spring Data JDBC repositories in DEFAULT mode.
2023-06-27T14:46:30.818+05:30  INFO 24420 --- [           main] .RepositoryConfigurationExtensionSupport : Spring Data JDBC - Could not safely identify store assignment for repository candidate interface com.ams.repository.AmbulanceRepository; If you want this repository to be a JDBC repository, consider annotating your entities with one of these annotations: org.springframework.data.relational.core.mapping.Table.
2023-06-27T14:46:30.821+05:30  INFO 24420 --- [           main] .RepositoryConfigurationExtensionSupport : Spring Data JDBC - Could not safely identify store assignment for repository candidate interface com.ams.repository.CallerRepository; If you want this repository to be a JDBC repository, consider annotating your entities with one of these annotations: org.springframework.data.relational.core.mapping.Table.
2023-06-27T14:46:30.824+05:30  INFO 24420 --- [           main] .RepositoryConfigurationExtensionSupport : Spring Data JDBC - Could not safely identify store assignment for repository candidate interface com.ams.repository.HospitalRepository; If you want this repository to be a JDBC repository, consider annotating your entities with one of these annotations: org.springframework.data.relational.core.mapping.Table.
2023-06-27T14:46:30.826+05:30  INFO 24420 --- [           main] .RepositoryConfigurationExtensionSupport : Spring Data JDBC - Could not safely identify store assignment for repository candidate interface com.ams.repository.StaffRepository; If you want this repository to be a JDBC repository, consider annotating your entities with one of these annotations: org.springframework.data.relational.core.mapping.Table.
2023-06-27T14:46:30.829+05:30  INFO 24420 --- [           main] .RepositoryConfigurationExtensionSupport : Spring Data JDBC - Could not safely identify store assignment for repository candidate interface com.ams.repository.TripRepository; If you want this repository to be a JDBC repository, consider annotating your entities with one of these annotations: org.springframework.data.relational.core.mapping.Table.
2023-06-27T14:46:30.830+05:30  INFO 24420 --- [           main] .s.d.r.c.RepositoryConfigurationDelegate : Finished Spring Data repository scanning in 54 ms. Found 0 JDBC repository interfaces.
2023-06-27T14:46:30.847+05:30  INFO 24420 --- [           main] .s.d.r.c.RepositoryConfigurationDelegate : Multiple Spring Data modules found, entering strict repository configuration mode
2023-06-27T14:46:30.849+05:30  INFO 24420 --- [           main] .s.d.r.c.RepositoryConfigurationDelegate : Bootstrapping Spring Data JPA repositories in DEFAULT mode.
2023-06-27T14:46:30.918+05:30  INFO 24420 --- [           main] .s.d.r.c.RepositoryConfigurationDelegate : Finished Spring Data repository scanning in 60 ms. Found 5 JPA repository interfaces.
2023-06-27T14:46:32.099+05:30  INFO 24420 --- [           main] o.hibernate.jpa.internal.util.LogHelper  : HHH000204: Processing PersistenceUnitInfo [name: default]
2023-06-27T14:46:32.230+05:30  INFO 24420 --- [           main] org.hibernate.Version                    : HHH000412: Hibernate ORM core version 6.2.2.Final
2023-06-27T14:46:32.236+05:30  INFO 24420 --- [           main] org.hibernate.cfg.Environment            : HHH000406: Using bytecode reflection optimizer
2023-06-27T14:46:32.586+05:30  INFO 24420 --- [           main] o.h.b.i.BytecodeProviderInitiator        : HHH000021: Bytecode provider name : bytebuddy
2023-06-27T14:46:32.618+05:30  INFO 24420 --- [           main] o.s.o.j.p.SpringPersistenceUnitInfo      : No LoadTimeWeaver setup: ignoring JPA class transformer
2023-06-27T14:46:32.670+05:30  INFO 24420 --- [           main] com.zaxxer.hikari.HikariDataSource       : HikariPool-1 - Starting...
2023-06-27T14:46:33.206+05:30  INFO 24420 --- [           main] com.zaxxer.hikari.pool.HikariPool        : HikariPool-1 - Added connection oracle.jdbc.driver.T4CConnection@6c46dc02
2023-06-27T14:46:33.210+05:30  INFO 24420 --- [           main] com.zaxxer.hikari.HikariDataSource       : HikariPool-1 - Start completed.
2023-06-27T14:46:33.387+05:30  INFO 24420 --- [           main] org.hibernate.orm.dialect                : HHH035001: Using dialect: org.hibernate.dialect.OracleDialect, version: 11.2
2023-06-27T14:46:33.933+05:30  INFO 24420 --- [           main] o.h.b.i.BytecodeProviderInitiator        : HHH000021: Bytecode provider name : bytebuddy
2023-06-27T14:46:34.692+05:30 DEBUG 24420 --- [           main] org.hibernate.SQL                        : 
    create global temporary table HTE_trip(ambid number(10,0), callid number(10,0), rn_ number(10,0) not null, tripid number(10,0), call_timestamp timestamp(6), edimestamp timestamp(6), sttimestamp timestamp(6), distrav varchar2(255 char), dloc varchar2(255 char), sloc varchar2(255 char), tripstatus varchar2(255 char), primary key (rn_)) 
        on commit delete rows
Hibernate: 
    create global temporary table HTE_trip(ambid number(10,0), callid number(10,0), rn_ number(10,0) not null, tripid number(10,0), call_timestamp timestamp(6), edimestamp timestamp(6), sttimestamp timestamp(6), distrav varchar2(255 char), dloc varchar2(255 char), sloc varchar2(255 char), tripstatus varchar2(255 char), primary key (rn_)) 
        on commit delete rows
2023-06-27T14:46:34.696+05:30 DEBUG 24420 --- [           main] org.hibernate.SQL                        : 
    create global temporary table HTE_staff(rn_ number(10,0) not null, staff_id number(10,0), contact_number varchar2(255 char), designation varchar2(255 char), pwd varchar2(255 char), staff_name varchar2(255 char), user_name varchar2(255 char), primary key (rn_)) 
        on commit delete rows
Hibernate: 
    create global temporary table HTE_staff(rn_ number(10,0) not null, staff_id number(10,0), contact_number varchar2(255 char), designation varchar2(255 char), pwd varchar2(255 char), staff_name varchar2(255 char), user_name varchar2(255 char), primary key (rn_)) 
        on commit delete rows
2023-06-27T14:46:34.699+05:30 DEBUG 24420 --- [           main] org.hibernate.SQL                        : 
    create global temporary table HTE_ambulance(ambid number(10,0), capacity number(10,0), reg_no number(10,0), rn_ number(10,0) not null, model varchar2(255 char), status varchar2(255 char), primary key (rn_)) 
        on commit delete rows
Hibernate: 
    create global temporary table HTE_ambulance(ambid number(10,0), capacity number(10,0), reg_no number(10,0), rn_ number(10,0) not null, model varchar2(255 char), status varchar2(255 char), primary key (rn_)) 
        on commit delete rows
2023-06-27T14:46:34.702+05:30 DEBUG 24420 --- [           main] org.hibernate.SQL                        : 
    create global temporary table HTE_caller(ambid number(10,0), callid number(10,0), rn_ number(10,0) not null, call_timestamp timestamp(6), callcontnum varchar2(255 char), callname varchar2(255 char), hosid varchar2(255 char), loc varchar2(255 char), status varchar2(255 char), primary key (rn_)) 
        on commit delete rows
Hibernate: 
    create global temporary table HTE_caller(ambid number(10,0), callid number(10,0), rn_ number(10,0) not null, call_timestamp timestamp(6), callcontnum varchar2(255 char), callname varchar2(255 char), hosid varchar2(255 char), loc varchar2(255 char), status varchar2(255 char), primary key (rn_)) 
        on commit delete rows
2023-06-27T14:46:34.704+05:30 DEBUG 24420 --- [           main] org.hibernate.SQL                        : 
    create global temporary table HTE_hospital(hosid number(10,0), rn_ number(10,0) not null, hosadd varchar2(255 char), hoscon varchar2(255 char), hosname varchar2(255 char), primary key (rn_)) 
        on commit delete rows
Hibernate: 
    create global temporary table HTE_hospital(hosid number(10,0), rn_ number(10,0) not null, hosadd varchar2(255 char), hoscon varchar2(255 char), hosname varchar2(255 char), primary key (rn_)) 
        on commit delete rows
2023-06-27T14:46:34.902+05:30  INFO 24420 --- [           main] o.h.e.t.j.p.i.JtaPlatformInitiator       : HHH000490: Using JtaPlatform implementation: [org.hibernate.engine.transaction.jta.platform.internal.NoJtaPlatform]
2023-06-27T14:46:35.111+05:30 DEBUG 24420 --- [           main] org.hibernate.SQL                        : 
    alter table caller 
       modify call_timestamp timestamp(6)
Hibernate: 
    alter table caller 
       modify call_timestamp timestamp(6)
2023-06-27T14:46:35.124+05:30 DEBUG 24420 --- [           main] org.hibernate.SQL                        : 
    alter table trip 
       modify call_timestamp timestamp(6)
Hibernate: 
    alter table trip 
       modify call_timestamp timestamp(6)
2023-06-27T14:46:35.129+05:30 DEBUG 24420 --- [           main] org.hibernate.SQL                        : 
    alter table trip 
       modify edimestamp timestamp(6)
Hibernate: 
    alter table trip 
       modify edimestamp timestamp(6)
2023-06-27T14:46:35.135+05:30 DEBUG 24420 --- [           main] org.hibernate.SQL                        : 
    alter table trip 
       modify sttimestamp timestamp(6)
Hibernate: 
    alter table trip 
       modify sttimestamp timestamp(6)
2023-06-27T14:46:35.187+05:30  INFO 24420 --- [           main] j.LocalContainerEntityManagerFactoryBean : Initialized JPA EntityManagerFactory for persistence unit 'default'
2023-06-27T14:46:36.224+05:30  WARN 24420 --- [           main] JpaBaseConfiguration$JpaWebConfiguration : spring.jpa.open-in-view is enabled by default. Therefore, database queries may be performed during view rendering. Explicitly configure spring.jpa.open-in-view to disable this warning
2023-06-27T14:46:38.202+05:30  INFO 24420 --- [           main] o.s.b.a.e.web.EndpointLinksResolver      : Exposing 1 endpoint(s) beneath base path '/actuator'
2023-06-27T14:46:38.457+05:30  INFO 24420 --- [           main] o.s.s.web.DefaultSecurityFilterChain     : Will secure any request with [org.springframework.security.web.session.DisableEncodeUrlFilter@2f26634a, org.springframework.security.web.context.request.async.WebAsyncManagerIntegrationFilter@2810d9, org.springframework.security.web.context.SecurityContextHolderFilter@1ba00c0c, org.springframework.security.web.header.HeaderWriterFilter@1cd7bc66, org.springframework.security.web.authentication.logout.LogoutFilter@4cae7d5, org.springframework.security.web.authentication.www.BasicAuthenticationFilter@2d1dbf4f, org.springframework.security.web.savedrequest.RequestCacheAwareFilter@254dfd34, org.springframework.security.web.servletapi.SecurityContextHolderAwareRequestFilter@72f4232, org.springframework.security.web.authentication.AnonymousAuthenticationFilter@408f3054, org.springframework.security.web.access.ExceptionTranslationFilter@3b30409, org.springframework.security.web.access.intercept.AuthorizationFilter@6cc91654]
2023-06-27T14:46:39.734+05:30  INFO 24420 --- [           main] c.a.A.AmsprojectApplicationTests         : Started AmsprojectApplicationTests in 11.306 seconds (process running for 15.552)
]]></system-out>
  </testcase>
</testsuite>